0 verbose cli /usr/local/bin/node /usr/local/bin/npm
1 info using npm@8.19.4
2 info using node@v16.20.0
3 timing npm:load:whichnode Completed in 0ms
4 timing config:load:defaults Completed in 12ms
5 timing config:load:file:/usr/local/lib/node_modules/npm/npmrc Completed in 3ms
6 timing config:load:builtin Completed in 3ms
7 timing config:load:cli Completed in 14ms
8 timing config:load:env Completed in 1ms
9 timing config:load:project Completed in 59ms
10 timing config:load:file:/usr/src/node-red/.npmrc Completed in 3ms
11 timing config:load:user Completed in 4ms
12 timing config:load:file:/usr/local/etc/npmrc Completed in 5ms
13 timing config:load:global Completed in 5ms
14 timing config:load:validate Completed in 0ms
15 timing config:load:credentials Completed in 3ms
16 timing config:load:setEnvs Completed in 6ms
17 timing config:load Completed in 111ms
18 timing npm:load:configload Completed in 113ms
19 timing npm:load:mkdirpcache Completed in 7ms
20 timing npm:load:mkdirplogs Completed in 12ms
21 verbose title npm
22 verbose argv "--version"
23 timing npm:load:setTitle Completed in 3ms
24 timing config:load:flatten Completed in 13ms
25 timing npm:load:display Completed in 18ms
26 verbose logfile logs-max:10 dir:/data/.npm/_logs
27 verbose logfile /data/.npm/_logs/2023-06-19T08_54_21_548Z-debug-0.log
28 timing npm:load:logFile Completed in 54ms
29 timing npm:load:timers Completed in 0ms
30 timing npm:load:configScope Completed in 0ms
31 timing npm:load Completed in 215ms
32 verbose exit 0
33 timing npm Completed in 246ms
34 info ok
